<?xml version="1.0" encoding="UTF-8"?>
<testsuite xmlns:xsi="http://www.w3.org/2001/XMLSchema-instance" xsi:noNamespaceSchemaLocation="https://maven.apache.org/surefire/maven-surefire-plugin/xsd/surefire-test-report.xsd" name="com.stackroute.friendsBook.repository.UserRepositoryTests" time="1.78" tests="4" errors="0" skipped="0" failures="2">
  <properties>
    <property name="sun.desktop" value="gnome"/>
    <property name="awt.toolkit" value="sun.awt.X11.XToolkit"/>
    <property name="java.specification.version" value="10"/>
    <property name="file.encoding.pkg" value="sun.io"/>
    <property name="sun.cpu.isalist" value=""/>
    <property name="sun.jnu.encoding" value="UTF-8"/>
    <property name="java.class.path" value="/home/anmol/Documents/friends_book/fullstack_friendsbook/friendsBookStackroute/target/test-classes:/home/anmol/Documents/friends_book/fullstack_friendsbook/friendsBookStackroute/target/classes:/home/anmol/.m2/repository/io/springfox/springfox-swagger2/2.8.0/springfox-swagger2-2.8.0.jar:/home/anmol/.m2/repository/io/swagger/swagger-annotations/1.5.14/swagger-annotations-1.5.14.jar:/home/anmol/.m2/repository/io/swagger/swagger-models/1.5.14/swagger-models-1.5.14.jar:/home/anmol/.m2/repository/com/fasterxml/jackson/core/jackson-annotations/2.9.0/jackson-annotations-2.9.0.jar:/home/anmol/.m2/repository/io/springfox/springfox-spi/2.8.0/springfox-spi-2.8.0.jar:/home/anmol/.m2/repository/io/springfox/springfox-core/2.8.0/springfox-core-2.8.0.jar:/home/anmol/.m2/repository/io/springfox/springfox-schema/2.8.0/springfox-schema-2.8.0.jar:/home/anmol/.m2/repository/io/springfox/springfox-swagger-common/2.8.0/springfox-swagger-common-2.8.0.jar:/home/anmol/.m2/repository/io/springfox/springfox-spring-web/2.8.0/springfox-spring-web-2.8.0.jar:/home/anmol/.m2/repository/org/reflections/reflections/0.9.11/reflections-0.9.11.jar:/home/anmol/.m2/repository/org/javassist/javassist/3.21.0-GA/javassist-3.21.0-GA.jar:/home/anmol/.m2/repository/com/google/guava/guava/20.0/guava-20.0.jar:/home/anmol/.m2/repository/com/fasterxml/classmate/1.3.4/classmate-1.3.4.jar:/home/anmol/.m2/repository/org/slf4j/slf4j-api/1.7.25/slf4j-api-1.7.25.jar:/home/anmol/.m2/repository/org/springframework/plugin/spring-plugin-core/1.2.0.RELEASE/spring-plugin-core-1.2.0.RELEASE.jar:/home/anmol/.m2/repository/org/springframework/spring-beans/5.0.10.RELEASE/spring-beans-5.0.10.RELEASE.jar:/home/anmol/.m2/repository/org/springframework/spring-context/5.0.10.RELEASE/spring-context-5.0.10.RELEASE.jar:/home/anmol/.m2/repository/org/springframework/spring-aop/5.0.10.RELEASE/spring-aop-5.0.10.RELEASE.jar:/home/anmol/.m2/repository/org/springframework/plugin/spring-plugin-metadata/1.2.0.RELEASE/spring-plugin-metadata-1.2.0.RELEASE.jar:/home/anmol/.m2/repository/org/mapstruct/mapstruct/1.2.0.Final/mapstruct-1.2.0.Final.jar:/home/anmol/.m2/repository/javax/xml/bind/jaxb-api/2.3.0/jaxb-api-2.3.0.jar:/home/anmol/.m2/repository/io/springfox/springfox-swagger-ui/2.8.0/springfox-swagger-ui-2.8.0.jar:/home/anmol/.m2/repository/org/springframework/boot/spring-boot-starter-data-neo4j/2.0.6.RELEASE/spring-boot-starter-data-neo4j-2.0.6.RELEASE.jar:/home/anmol/.m2/repository/org/springframework/boot/spring-boot-starter/2.0.6.RELEASE/spring-boot-starter-2.0.6.RELEASE.jar:/home/anmol/.m2/repository/org/springframework/boot/spring-boot-starter-logging/2.0.6.RELEASE/spring-boot-starter-logging-2.0.6.RELEASE.jar:/home/anmol/.m2/repository/ch/qos/logback/logback-classic/1.2.3/logback-classic-1.2.3.jar:/home/anmol/.m2/repository/ch/qos/logback/logback-core/1.2.3/logback-core-1.2.3.jar:/home/anmol/.m2/repository/org/apache/logging/log4j/log4j-to-slf4j/2.10.0/log4j-to-slf4j-2.10.0.jar:/home/anmol/.m2/repository/org/apache/logging/log4j/log4j-api/2.10.0/log4j-api-2.10.0.jar:/home/anmol/.m2/repository/org/slf4j/jul-to-slf4j/1.7.25/jul-to-slf4j-1.7.25.jar:/home/anmol/.m2/repository/javax/annotation/javax.annotation-api/1.3.2/javax.annotation-api-1.3.2.jar:/home/anmol/.m2/repository/org/yaml/snakeyaml/1.19/snakeyaml-1.19.jar:/home/anmol/.m2/repository/org/springframework/data/spring-data-neo4j/5.0.11.RELEASE/spring-data-neo4j-5.0.11.RELEASE.jar:/home/anmol/.m2/repository/org/springframework/spring-tx/5.0.10.RELEASE/spring-tx-5.0.10.RELEASE.jar:/home/anmol/.m2/repository/org/springframework/data/spring-data-commons/2.0.11.RELEASE/spring-data-commons-2.0.11.RELEASE.jar:/home/anmol/.m2/repository/org/neo4j/neo4j-ogm-core/3.1.4/neo4j-ogm-core-3.1.4.jar:/home/anmol/.m2/repository/org/neo4j/neo4j-ogm-api/3.1.4/neo4j-ogm-api-3.1.4.jar:/home/anmol/.m2/repository/org/apache/commons/commons-lang3/3.7/commons-lang3-3.7.jar:/home/anmol/.m2/repository/io/github/lukehutch/fast-classpath-scanner/2.18.1/fast-classpath-scanner-2.18.1.jar:/home/anmol/.m2/repository/org/neo4j/neo4j-ogm-bolt-driver/3.1.4/neo4j-ogm-bolt-driver-3.1.4.jar:/home/anmol/.m2/repository/org/neo4j/driver/neo4j-java-driver/1.6.3/neo4j-java-driver-1.6.3.jar:/home/anmol/.m2/repository/commons-io/commons-io/2.4/commons-io-2.4.jar:/home/anmol/.m2/repository/org/springframework/boot/spring-boot-starter-web/2.0.6.RELEASE/spring-boot-starter-web-2.0.6.RELEASE.jar:/home/anmol/.m2/repository/org/springframework/boot/spring-boot-starter-json/2.0.6.RELEASE/spring-boot-starter-json-2.0.6.RELEASE.jar:/home/anmol/.m2/repository/com/fasterxml/jackson/core/jackson-databind/2.9.7/jackson-databind-2.9.7.jar:/home/anmol/.m2/repository/com/fasterxml/jackson/core/jackson-core/2.9.7/jackson-core-2.9.7.jar:/home/anmol/.m2/repository/com/fasterxml/jackson/datatype/jackson-datatype-jdk8/2.9.7/jackson-datatype-jdk8-2.9.7.jar:/home/anmol/.m2/repository/com/fasterxml/jackson/datatype/jackson-datatype-jsr310/2.9.7/jackson-datatype-jsr310-2.9.7.jar:/home/anmol/.m2/repository/com/fasterxml/jackson/module/jackson-module-parameter-names/2.9.7/jackson-module-parameter-names-2.9.7.jar:/home/anmol/.m2/repository/org/springframework/boot/spring-boot-starter-tomcat/2.0.6.RELEASE/spring-boot-starter-tomcat-2.0.6.RELEASE.jar:/home/anmol/.m2/repository/org/apache/tomcat/embed/tomcat-embed-core/8.5.34/tomcat-embed-core-8.5.34.jar:/home/anmol/.m2/repository/org/apache/tomcat/embed/tomcat-embed-el/8.5.34/tomcat-embed-el-8.5.34.jar:/home/anmol/.m2/repository/org/apache/tomcat/embed/tomcat-embed-websocket/8.5.34/tomcat-embed-websocket-8.5.34.jar:/home/anmol/.m2/repository/org/hibernate/validator/hibernate-validator/6.0.13.Final/hibernate-validator-6.0.13.Final.jar:/home/anmol/.m2/repository/javax/validation/validation-api/2.0.1.Final/validation-api-2.0.1.Final.jar:/home/anmol/.m2/repository/org/jboss/logging/jboss-logging/3.3.2.Final/jboss-logging-3.3.2.Final.jar:/home/anmol/.m2/repository/org/springframework/spring-web/5.0.10.RELEASE/spring-web-5.0.10.RELEASE.jar:/home/anmol/.m2/repository/org/springframework/spring-webmvc/5.0.10.RELEASE/spring-webmvc-5.0.10.RELEASE.jar:/home/anmol/.m2/repository/org/springframework/spring-expression/5.0.10.RELEASE/spring-expression-5.0.10.RELEASE.jar:/home/anmol/.m2/repository/org/springframework/boot/spring-boot-devtools/2.0.6.RELEASE/spring-boot-devtools-2.0.6.RELEASE.jar:/home/anmol/.m2/repository/org/springframework/boot/spring-boot/2.0.6.RELEASE/spring-boot-2.0.6.RELEASE.jar:/home/anmol/.m2/repository/org/springframework/boot/spring-boot-autoconfigure/2.0.6.RELEASE/spring-boot-autoconfigure-2.0.6.RELEASE.jar:/home/anmol/.m2/repository/org/springframework/boot/spring-boot-starter-test/2.0.6.RELEASE/spring-boot-starter-test-2.0.6.RELEASE.jar:/home/anmol/.m2/repository/org/springframework/boot/spring-boot-test/2.0.6.RELEASE/spring-boot-test-2.0.6.RELEASE.jar:/home/anmol/.m2/repository/org/springframework/boot/spring-boot-test-autoconfigure/2.0.6.RELEASE/spring-boot-test-autoconfigure-2.0.6.RELEASE.jar:/home/anmol/.m2/repository/com/jayway/jsonpath/json-path/2.4.0/json-path-2.4.0.jar:/home/anmol/.m2/repository/net/minidev/json-smart/2.3/json-smart-2.3.jar:/home/anmol/.m2/repository/net/minidev/accessors-smart/1.2/accessors-smart-1.2.jar:/home/anmol/.m2/repository/org/ow2/asm/asm/5.0.4/asm-5.0.4.jar:/home/anmol/.m2/repository/junit/junit/4.12/junit-4.12.jar:/home/anmol/.m2/repository/org/assertj/assertj-core/3.9.1/assertj-core-3.9.1.jar:/home/anmol/.m2/repository/org/mockito/mockito-core/2.15.0/mockito-core-2.15.0.jar:/home/anmol/.m2/repository/net/bytebuddy/byte-buddy/1.7.11/byte-buddy-1.7.11.jar:/home/anmol/.m2/repository/net/bytebuddy/byte-buddy-agent/1.7.11/byte-buddy-agent-1.7.11.jar:/home/anmol/.m2/repository/org/objenesis/objenesis/2.6/objenesis-2.6.jar:/home/anmol/.m2/repository/org/hamcrest/hamcrest-core/1.3/hamcrest-core-1.3.jar:/home/anmol/.m2/repository/org/hamcrest/hamcrest-library/1.3/hamcrest-library-1.3.jar:/home/anmol/.m2/repository/org/skyscreamer/jsonassert/1.5.0/jsonassert-1.5.0.jar:/home/anmol/.m2/repository/com/vaadin/external/google/android-json/0.0.20131108.vaadin1/android-json-0.0.20131108.vaadin1.jar:/home/anmol/.m2/repository/org/springframework/spring-core/5.0.10.RELEASE/spring-core-5.0.10.RELEASE.jar:/home/anmol/.m2/repository/org/springframework/spring-jcl/5.0.10.RELEASE/spring-jcl-5.0.10.RELEASE.jar:/home/anmol/.m2/repository/org/springframework/spring-test/5.0.10.RELEASE/spring-test-5.0.10.RELEASE.jar:/home/anmol/.m2/repository/org/xmlunit/xmlunit-core/2.5.1/xmlunit-core-2.5.1.jar:"/>
    <property name="java.vm.vendor" value="&quot;Oracle Corporation&quot;"/>
    <property name="sun.arch.data.model" value="64"/>
    <property name="java.vendor.url" value="http://java.oracle.com/"/>
    <property name="user.timezone" value=""/>
    <property name="java.vm.specification.version" value="10"/>
    <property name="os.name" value="Linux"/>
    <property name="sun.java.launcher" value="SUN_STANDARD"/>
    <property name="user.country" value="IN"/>
    <property name="sun.boot.library.path" value="/usr/lib/jvm/java-10-oracle/lib"/>
    <property name="sun.java.command" value="/home/anmol/Documents/friends_book/fullstack_friendsbook/friendsBookStackroute/target/surefire/surefirebooter9851413653417967855.jar /home/anmol/Documents/friends_book/fullstack_friendsbook/friendsBookStackroute/target/surefire 2018-11-06T10-17-36_051-jvmRun1 surefire6950676657681158569tmp surefire_05584140885061096693tmp"/>
    <property name="jdk.debug" value="release"/>
    <property name="surefire.test.class.path" value="/home/anmol/Documents/friends_book/fullstack_friendsbook/friendsBookStackroute/target/test-classes:/home/anmol/Documents/friends_book/fullstack_friendsbook/friendsBookStackroute/target/classes:/home/anmol/.m2/repository/io/springfox/springfox-swagger2/2.8.0/springfox-swagger2-2.8.0.jar:/home/anmol/.m2/repository/io/swagger/swagger-annotations/1.5.14/swagger-annotations-1.5.14.jar:/home/anmol/.m2/repository/io/swagger/swagger-models/1.5.14/swagger-models-1.5.14.jar:/home/anmol/.m2/repository/com/fasterxml/jackson/core/jackson-annotations/2.9.0/jackson-annotations-2.9.0.jar:/home/anmol/.m2/repository/io/springfox/springfox-spi/2.8.0/springfox-spi-2.8.0.jar:/home/anmol/.m2/repository/io/springfox/springfox-core/2.8.0/springfox-core-2.8.0.jar:/home/anmol/.m2/repository/io/springfox/springfox-schema/2.8.0/springfox-schema-2.8.0.jar:/home/anmol/.m2/repository/io/springfox/springfox-swagger-common/2.8.0/springfox-swagger-common-2.8.0.jar:/home/anmol/.m2/repository/io/springfox/springfox-spring-web/2.8.0/springfox-spring-web-2.8.0.jar:/home/anmol/.m2/repository/org/reflections/reflections/0.9.11/reflections-0.9.11.jar:/home/anmol/.m2/repository/org/javassist/javassist/3.21.0-GA/javassist-3.21.0-GA.jar:/home/anmol/.m2/repository/com/google/guava/guava/20.0/guava-20.0.jar:/home/anmol/.m2/repository/com/fasterxml/classmate/1.3.4/classmate-1.3.4.jar:/home/anmol/.m2/repository/org/slf4j/slf4j-api/1.7.25/slf4j-api-1.7.25.jar:/home/anmol/.m2/repository/org/springframework/plugin/spring-plugin-core/1.2.0.RELEASE/spring-plugin-core-1.2.0.RELEASE.jar:/home/anmol/.m2/repository/org/springframework/spring-beans/5.0.10.RELEASE/spring-beans-5.0.10.RELEASE.jar:/home/anmol/.m2/repository/org/springframework/spring-context/5.0.10.RELEASE/spring-context-5.0.10.RELEASE.jar:/home/anmol/.m2/repository/org/springframework/spring-aop/5.0.10.RELEASE/spring-aop-5.0.10.RELEASE.jar:/home/anmol/.m2/repository/org/springframework/plugin/spring-plugin-metadata/1.2.0.RELEASE/spring-plugin-metadata-1.2.0.RELEASE.jar:/home/anmol/.m2/repository/org/mapstruct/mapstruct/1.2.0.Final/mapstruct-1.2.0.Final.jar:/home/anmol/.m2/repository/javax/xml/bind/jaxb-api/2.3.0/jaxb-api-2.3.0.jar:/home/anmol/.m2/repository/io/springfox/springfox-swagger-ui/2.8.0/springfox-swagger-ui-2.8.0.jar:/home/anmol/.m2/repository/org/springframework/boot/spring-boot-starter-data-neo4j/2.0.6.RELEASE/spring-boot-starter-data-neo4j-2.0.6.RELEASE.jar:/home/anmol/.m2/repository/org/springframework/boot/spring-boot-starter/2.0.6.RELEASE/spring-boot-starter-2.0.6.RELEASE.jar:/home/anmol/.m2/repository/org/springframework/boot/spring-boot-starter-logging/2.0.6.RELEASE/spring-boot-starter-logging-2.0.6.RELEASE.jar:/home/anmol/.m2/repository/ch/qos/logback/logback-classic/1.2.3/logback-classic-1.2.3.jar:/home/anmol/.m2/repository/ch/qos/logback/logback-core/1.2.3/logback-core-1.2.3.jar:/home/anmol/.m2/repository/org/apache/logging/log4j/log4j-to-slf4j/2.10.0/log4j-to-slf4j-2.10.0.jar:/home/anmol/.m2/repository/org/apache/logging/log4j/log4j-api/2.10.0/log4j-api-2.10.0.jar:/home/anmol/.m2/repository/org/slf4j/jul-to-slf4j/1.7.25/jul-to-slf4j-1.7.25.jar:/home/anmol/.m2/repository/javax/annotation/javax.annotation-api/1.3.2/javax.annotation-api-1.3.2.jar:/home/anmol/.m2/repository/org/yaml/snakeyaml/1.19/snakeyaml-1.19.jar:/home/anmol/.m2/repository/org/springframework/data/spring-data-neo4j/5.0.11.RELEASE/spring-data-neo4j-5.0.11.RELEASE.jar:/home/anmol/.m2/repository/org/springframework/spring-tx/5.0.10.RELEASE/spring-tx-5.0.10.RELEASE.jar:/home/anmol/.m2/repository/org/springframework/data/spring-data-commons/2.0.11.RELEASE/spring-data-commons-2.0.11.RELEASE.jar:/home/anmol/.m2/repository/org/neo4j/neo4j-ogm-core/3.1.4/neo4j-ogm-core-3.1.4.jar:/home/anmol/.m2/repository/org/neo4j/neo4j-ogm-api/3.1.4/neo4j-ogm-api-3.1.4.jar:/home/anmol/.m2/repository/org/apache/commons/commons-lang3/3.7/commons-lang3-3.7.jar:/home/anmol/.m2/repository/io/github/lukehutch/fast-classpath-scanner/2.18.1/fast-classpath-scanner-2.18.1.jar:/home/anmol/.m2/repository/org/neo4j/neo4j-ogm-bolt-driver/3.1.4/neo4j-ogm-bolt-driver-3.1.4.jar:/home/anmol/.m2/repository/org/neo4j/driver/neo4j-java-driver/1.6.3/neo4j-java-driver-1.6.3.jar:/home/anmol/.m2/repository/commons-io/commons-io/2.4/commons-io-2.4.jar:/home/anmol/.m2/repository/org/springframework/boot/spring-boot-starter-web/2.0.6.RELEASE/spring-boot-starter-web-2.0.6.RELEASE.jar:/home/anmol/.m2/repository/org/springframework/boot/spring-boot-starter-json/2.0.6.RELEASE/spring-boot-starter-json-2.0.6.RELEASE.jar:/home/anmol/.m2/repository/com/fasterxml/jackson/core/jackson-databind/2.9.7/jackson-databind-2.9.7.jar:/home/anmol/.m2/repository/com/fasterxml/jackson/core/jackson-core/2.9.7/jackson-core-2.9.7.jar:/home/anmol/.m2/repository/com/fasterxml/jackson/datatype/jackson-datatype-jdk8/2.9.7/jackson-datatype-jdk8-2.9.7.jar:/home/anmol/.m2/repository/com/fasterxml/jackson/datatype/jackson-datatype-jsr310/2.9.7/jackson-datatype-jsr310-2.9.7.jar:/home/anmol/.m2/repository/com/fasterxml/jackson/module/jackson-module-parameter-names/2.9.7/jackson-module-parameter-names-2.9.7.jar:/home/anmol/.m2/repository/org/springframework/boot/spring-boot-starter-tomcat/2.0.6.RELEASE/spring-boot-starter-tomcat-2.0.6.RELEASE.jar:/home/anmol/.m2/repository/org/apache/tomcat/embed/tomcat-embed-core/8.5.34/tomcat-embed-core-8.5.34.jar:/home/anmol/.m2/repository/org/apache/tomcat/embed/tomcat-embed-el/8.5.34/tomcat-embed-el-8.5.34.jar:/home/anmol/.m2/repository/org/apache/tomcat/embed/tomcat-embed-websocket/8.5.34/tomcat-embed-websocket-8.5.34.jar:/home/anmol/.m2/repository/org/hibernate/validator/hibernate-validator/6.0.13.Final/hibernate-validator-6.0.13.Final.jar:/home/anmol/.m2/repository/javax/validation/validation-api/2.0.1.Final/validation-api-2.0.1.Final.jar:/home/anmol/.m2/repository/org/jboss/logging/jboss-logging/3.3.2.Final/jboss-logging-3.3.2.Final.jar:/home/anmol/.m2/repository/org/springframework/spring-web/5.0.10.RELEASE/spring-web-5.0.10.RELEASE.jar:/home/anmol/.m2/repository/org/springframework/spring-webmvc/5.0.10.RELEASE/spring-webmvc-5.0.10.RELEASE.jar:/home/anmol/.m2/repository/org/springframework/spring-expression/5.0.10.RELEASE/spring-expression-5.0.10.RELEASE.jar:/home/anmol/.m2/repository/org/springframework/boot/spring-boot-devtools/2.0.6.RELEASE/spring-boot-devtools-2.0.6.RELEASE.jar:/home/anmol/.m2/repository/org/springframework/boot/spring-boot/2.0.6.RELEASE/spring-boot-2.0.6.RELEASE.jar:/home/anmol/.m2/repository/org/springframework/boot/spring-boot-autoconfigure/2.0.6.RELEASE/spring-boot-autoconfigure-2.0.6.RELEASE.jar:/home/anmol/.m2/repository/org/springframework/boot/spring-boot-starter-test/2.0.6.RELEASE/spring-boot-starter-test-2.0.6.RELEASE.jar:/home/anmol/.m2/repository/org/springframework/boot/spring-boot-test/2.0.6.RELEASE/spring-boot-test-2.0.6.RELEASE.jar:/home/anmol/.m2/repository/org/springframework/boot/spring-boot-test-autoconfigure/2.0.6.RELEASE/spring-boot-test-autoconfigure-2.0.6.RELEASE.jar:/home/anmol/.m2/repository/com/jayway/jsonpath/json-path/2.4.0/json-path-2.4.0.jar:/home/anmol/.m2/repository/net/minidev/json-smart/2.3/json-smart-2.3.jar:/home/anmol/.m2/repository/net/minidev/accessors-smart/1.2/accessors-smart-1.2.jar:/home/anmol/.m2/repository/org/ow2/asm/asm/5.0.4/asm-5.0.4.jar:/home/anmol/.m2/repository/junit/junit/4.12/junit-4.12.jar:/home/anmol/.m2/repository/org/assertj/assertj-core/3.9.1/assertj-core-3.9.1.jar:/home/anmol/.m2/repository/org/mockito/mockito-core/2.15.0/mockito-core-2.15.0.jar:/home/anmol/.m2/repository/net/bytebuddy/byte-buddy/1.7.11/byte-buddy-1.7.11.jar:/home/anmol/.m2/repository/net/bytebuddy/byte-buddy-agent/1.7.11/byte-buddy-agent-1.7.11.jar:/home/anmol/.m2/repository/org/objenesis/objenesis/2.6/objenesis-2.6.jar:/home/anmol/.m2/repository/org/hamcrest/hamcrest-core/1.3/hamcrest-core-1.3.jar:/home/anmol/.m2/repository/org/hamcrest/hamcrest-library/1.3/hamcrest-library-1.3.jar:/home/anmol/.m2/repository/org/skyscreamer/jsonassert/1.5.0/jsonassert-1.5.0.jar:/home/anmol/.m2/repository/com/vaadin/external/google/android-json/0.0.20131108.vaadin1/android-json-0.0.20131108.vaadin1.jar:/home/anmol/.m2/repository/org/springframework/spring-core/5.0.10.RELEASE/spring-core-5.0.10.RELEASE.jar:/home/anmol/.m2/repository/org/springframework/spring-jcl/5.0.10.RELEASE/spring-jcl-5.0.10.RELEASE.jar:/home/anmol/.m2/repository/org/springframework/spring-test/5.0.10.RELEASE/spring-test-5.0.10.RELEASE.jar:/home/anmol/.m2/repository/org/xmlunit/xmlunit-core/2.5.1/xmlunit-core-2.5.1.jar:"/>
    <property name="sun.cpu.endian" value="little"/>
    <property name="user.home" value="/home/anmol"/>
    <property name="user.language" value="en"/>
    <property name="java.specification.vendor" value="Oracle Corporation"/>
    <property name="java.version.date" value="2018-07-17"/>
    <property name="java.home" value="/usr/lib/jvm/java-10-oracle"/>
    <property name="file.separator" value="/"/>
    <property name="basedir" value="/home/anmol/Documents/friends_book/fullstack_friendsbook/friendsBookStackroute"/>
    <property name="java.vm.compressedOopsMode" value="Zero based"/>
    <property name="line.separator" value="&#10;"/>
    <property name="java.specification.name" value="Java Platform API Specification"/>
    <property name="java.vm.specification.vendor" value="Oracle Corporation"/>
    <property name="java.awt.graphicsenv" value="sun.awt.X11GraphicsEnvironment"/>
    <property name="surefire.real.class.path" value="/home/anmol/Documents/friends_book/fullstack_friendsbook/friendsBookStackroute/target/surefire/surefirebooter9851413653417967855.jar"/>
    <property name="sun.management.compiler" value="HotSpot 64-Bit Tiered Compilers"/>
    <property name="java.runtime.version" value="10.0.2+13"/>
    <property name="user.name" value="anmol"/>
    <property name="path.separator" value=":"/>
    <property name="os.version" value="4.15.0-38-generic"/>
    <property name="java.runtime.name" value="Java(TM) SE Runtime Environment"/>
    <property name="file.encoding" value="UTF-8"/>
    <property name="java.vm.name" value="Java HotSpot(TM) 64-Bit Server VM"/>
    <property name="java.vendor.version" value="18.3"/>
    <property name="localRepository" value="/home/anmol/.m2/repository"/>
    <property name="java.vendor.url.bug" value="http://bugreport.java.com/bugreport/"/>
    <property name="java.io.tmpdir" value="/tmp"/>
    <property name="idea.version" value="2018.2.4"/>
    <property name="java.version" value="10.0.2"/>
    <property name="user.dir" value="/home/anmol/Documents/friends_book/fullstack_friendsbook/friendsBookStackroute"/>
    <property name="os.arch" value="amd64"/>
    <property name="java.vm.specification.name" value="Java Virtual Machine Specification"/>
    <property name="java.awt.printerjob" value="sun.print.PSPrinterJob"/>
    <property name="sun.os.patch.level" value="unknown"/>
    <property name="java.library.path" value="/usr/java/packages/lib:/usr/lib64:/lib64:/lib:/usr/lib"/>
    <property name="java.vendor" value="Oracle Corporation"/>
    <property name="java.vm.info" value="mixed mode"/>
    <property name="java.vm.version" value="10.0.2+13"/>
    <property name="sun.io.unicode.encoding" value="UnicodeLittle"/>
    <property name="java.class.version" value="54.0"/>
  </properties>
  <testcase name="testGetAllUsers" classname="com.stackroute.friendsBook.repository.UserRepositoryTests" time="1.281">
    <failure message="expected:&lt;a@g[mail].com&gt; but was:&lt;a@g[].com&gt;" type="org.junit.ComparisonFailure"><![CDATA[org.junit.ComparisonFailure: expected:<a@g[mail].com> but was:<a@g[].com>
	at com.stackroute.friendsBook.repository.UserRepositoryTests.testGetAllUsers(UserRepositoryTests.java:53)
]]></failure>
    <system-out><![CDATA[2018-11-06 10:17:39.489  INFO 22994 --- [           main] .b.t.c.SpringBootTestContextBootstrapper : Neither @ContextConfiguration nor @ContextHierarchy found for test class [com.stackroute.friendsBook.repository.UserRepositoryTests], using SpringBootContextLoader
2018-11-06 10:17:39.490  INFO 22994 --- [           main] o.s.t.c.support.AbstractContextLoader    : Could not detect default resource locations for test class [com.stackroute.friendsBook.repository.UserRepositoryTests]: no resource found for suffixes {-context.xml, Context.groovy}.
2018-11-06 10:17:39.490  INFO 22994 --- [           main] t.c.s.AnnotationConfigContextLoaderUtils : Could not detect default configuration classes for test class [com.stackroute.friendsBook.repository.UserRepositoryTests]: UserRepositoryTests does not declare any static, non-private, non-final, nested classes annotated with @Configuration.
2018-11-06 10:17:39.516  INFO 22994 --- [           main] .b.t.c.SpringBootTestContextBootstrapper : Found @SpringBootConfiguration com.stackroute.friendsBook.FriendsBookApplication for test class com.stackroute.friendsBook.repository.UserRepositoryTests
2018-11-06 10:17:39.516  INFO 22994 --- [           main] .b.t.c.SpringBootTestContextBootstrapper : Loaded default TestExecutionListener class names from location [META-INF/spring.factories]: [org.springframework.boot.test.mock.mockito.MockitoTestExecutionListener, org.springframework.boot.test.mock.mockito.ResetMocksTestExecutionListener, org.springframework.boot.test.autoconfigure.restdocs.RestDocsTestExecutionListener, org.springframework.boot.test.autoconfigure.web.client.MockRestServiceServerResetTestExecutionListener, org.springframework.boot.test.autoconfigure.web.servlet.MockMvcPrintOnlyOnFailureTestExecutionListener, org.springframework.boot.test.autoconfigure.web.servlet.WebDriverTestExecutionListener, org.springframework.test.context.web.ServletTestExecutionListener, org.springframework.test.context.support.DirtiesContextBeforeModesTestExecutionListener, org.springframework.test.context.support.DependencyInjectionTestExecutionListener, org.springframework.test.context.support.DirtiesContextTestExecutionListener, org.springframework.test.context.transaction.TransactionalTestExecutionListener, org.springframework.test.context.jdbc.SqlScriptsTestExecutionListener]
2018-11-06 10:17:39.516  INFO 22994 --- [           main] .b.t.c.SpringBootTestContextBootstrapper : Using TestExecutionListeners: [org.springframework.test.context.web.ServletTestExecutionListener@604c7e9b, org.springframework.test.context.support.DirtiesContextBeforeModesTestExecutionListener@19d27c27, org.springframework.boot.test.mock.mockito.MockitoTestExecutionListener@6181bc4a, org.springframework.boot.test.autoconfigure.SpringBootDependencyInjectionTestExecutionListener@70485aa, org.springframework.test.context.support.DirtiesContextTestExecutionListener@4bf8b77, org.springframework.test.context.transaction.TransactionalTestExecutionListener@e06ec83, org.springframework.test.context.jdbc.SqlScriptsTestExecutionListener@628962e5, org.springframework.boot.test.mock.mockito.ResetMocksTestExecutionListener@410382cb, org.springframework.boot.test.autoconfigure.restdocs.RestDocsTestExecutionListener@399f5daf, org.springframework.boot.test.autoconfigure.web.client.MockRestServiceServerResetTestExecutionListener@c4cceb, org.springframework.boot.test.autoconfigure.web.servlet.MockMvcPrintOnlyOnFailureTestExecutionListener@29f3185c, org.springframework.boot.test.autoconfigure.web.servlet.WebDriverTestExecutionListener@74bbc273]

  .   ____          _            __ _ _
 /\\ / ___'_ __ _ _(_)_ __  __ _ \ \ \ \
( ( )\___ | '_ | '_| | '_ \/ _` | \ \ \ \
 \\/  ___)| |_)| | | | | || (_| |  ) ) ) )
  '  |____| .__|_| |_|_| |_\__, | / / / /
 =========|_|==============|___/=/_/_/_/
 :: Spring Boot ::        (v2.0.6.RELEASE)

2018-11-06 10:17:39.540  INFO 22994 --- [           main] c.s.f.repository.UserRepositoryTests     : Starting UserRepositoryTests on BLR-STR-ANMOL with PID 22994 (started by anmol in /home/anmol/Documents/friends_book/fullstack_friendsbook/friendsBookStackroute)
2018-11-06 10:17:39.541  INFO 22994 --- [           main] c.s.f.repository.UserRepositoryTests     : No active profile set, falling back to default profiles: default
2018-11-06 10:17:39.543  INFO 22994 --- [           main] s.c.a.AnnotationConfigApplicationContext : Refreshing org.springframework.context.annotation.AnnotationConfigApplicationContext@5613247e: startup date [Tue Nov 06 10:17:39 IST 2018]; root of context hierarchy
2018-11-06 10:17:39.604  INFO 22994 --- [           main] trationDelegate$BeanPostProcessorChecker : Bean 'org.springframework.boot.autoconfigure.data.neo4j.Neo4jDataAutoConfiguration' of type [org.springframework.boot.autoconfigure.data.neo4j.Neo4jDataAutoConfiguration$$EnhancerBySpringCGLIB$$3f36b6ca] is not eligible for getting processed by all BeanPostProcessors (for example: not eligible for auto-proxying)
2018-11-06 10:17:39.606  INFO 22994 --- [           main] trationDelegate$BeanPostProcessorChecker : Bean 'org.springframework.transaction.annotation.ProxyTransactionManagementConfiguration' of type [org.springframework.transaction.annotation.ProxyTransactionManagementConfiguration$$EnhancerBySpringCGLIB$$6b5c63be] is not eligible for getting processed by all BeanPostProcessors (for example: not eligible for auto-proxying)
2018-11-06 10:17:39.613  INFO 22994 --- [           main] trationDelegate$BeanPostProcessorChecker : Bean 'org.springframework.boot.context.properties.ConversionServiceDeducer$Factory' of type [org.springframework.boot.context.properties.ConversionServiceDeducer$Factory] is not eligible for getting processed by all BeanPostProcessors (for example: not eligible for auto-proxying)
2018-11-06 10:17:39.615  INFO 22994 --- [           main] trationDelegate$BeanPostProcessorChecker : Bean 'spring.data.neo4j-org.springframework.boot.autoconfigure.data.neo4j.Neo4jProperties' of type [org.springframework.boot.autoconfigure.data.neo4j.Neo4jProperties] is not eligible for getting processed by all BeanPostProcessors (for example: not eligible for auto-proxying)
2018-11-06 10:17:39.617  INFO 22994 --- [           main] trationDelegate$BeanPostProcessorChecker : Bean 'configuration' of type [org.neo4j.ogm.config.Configuration] is not eligible for getting processed by all BeanPostProcessors (for example: not eligible for auto-proxying)
2018-11-06 10:17:39.797  INFO 22994 --- [           main] org.neo4j.ogm.metadata.DomainInfo        : Starting Post-processing phase
2018-11-06 10:17:39.797  INFO 22994 --- [           main] org.neo4j.ogm.metadata.DomainInfo        : Building annotation class map
2018-11-06 10:17:39.797  INFO 22994 --- [           main] org.neo4j.ogm.metadata.DomainInfo        : Building interface class map for 16 classes
2018-11-06 10:17:39.798  INFO 22994 --- [           main] org.neo4j.ogm.metadata.DomainInfo        : Post-processing complete
2018-11-06 10:17:39.800  INFO 22994 --- [           main] trationDelegate$BeanPostProcessorChecker : Bean 'sessionFactory' of type [org.neo4j.ogm.session.SessionFactory] is not eligible for getting processed by all BeanPostProcessors (for example: not eligible for auto-proxying)
2018-11-06 10:17:39.818  WARN 22994 --- [           main] o.s.d.n.mapping.Neo4jPersistentProperty  : No identity field found for class of type: com.stackroute.friendsBook.service.UserService when creating persistent property for : com.stackroute.friendsBook.repository.UserRepository com.stackroute.friendsBook.service.UserService.userRepository
2018-11-06 10:17:39.819  WARN 22994 --- [           main] o.s.d.n.mapping.Neo4jPersistentProperty  : No identity field found for class of type: com.stackroute.friendsBook.resource.UserResource when creating persistent property for : com.stackroute.friendsBook.service.UserService com.stackroute.friendsBook.resource.UserResource.userService
2018-11-06 10:17:39.821  WARN 22994 --- [           main] o.s.d.n.mapping.Neo4jPersistentProperty  : No identity field found for class of type: com.stackroute.friendsBook.Config.SwaggerConfig when creating persistent property for : private org.springframework.context.ApplicationContext org.springframework.web.servlet.config.annotation.WebMvcConfigurationSupport.applicationContext
2018-11-06 10:17:39.823  WARN 22994 --- [           main] o.s.d.n.mapping.Neo4jPersistentProperty  : Owning ClassInfo is null for property: org.springframework.context.ApplicationContext.parent
2018-11-06 10:17:39.823  WARN 22994 --- [           main] o.s.d.n.mapping.Neo4jPersistentProperty  : Owning ClassInfo is null for property: org.springframework.context.ApplicationContext.environment
2018-11-06 10:17:39.823  WARN 22994 --- [           main] o.s.d.n.mapping.Neo4jPersistentProperty  : Owning ClassInfo is null for property: org.springframework.context.ApplicationContext.displayName
2018-11-06 10:17:39.823  WARN 22994 --- [           main] o.s.d.n.mapping.Neo4jPersistentProperty  : Owning ClassInfo is null for property: org.springframework.context.ApplicationContext.startupDate
2018-11-06 10:17:39.824  WARN 22994 --- [           main] o.s.d.n.mapping.Neo4jPersistentProperty  : Owning ClassInfo is null for property: org.springframework.context.ApplicationContext.beanDefinitionCount
2018-11-06 10:17:39.824  WARN 22994 --- [           main] o.s.d.n.mapping.Neo4jPersistentProperty  : Owning ClassInfo is null for property: org.springframework.context.ApplicationContext.autowireCapableBeanFactory
2018-11-06 10:17:39.824  WARN 22994 --- [           main] o.s.d.n.mapping.Neo4jPersistentProperty  : Owning ClassInfo is null for property: org.springframework.context.ApplicationContext.beanDefinitionNames
2018-11-06 10:17:39.824  WARN 22994 --- [           main] o.s.d.n.mapping.Neo4jPersistentProperty  : Owning ClassInfo is null for property: org.springframework.context.ApplicationContext.parentBeanFactory
2018-11-06 10:17:39.824  WARN 22994 --- [           main] o.s.d.n.mapping.Neo4jPersistentProperty  : Owning ClassInfo is null for property: org.springframework.context.ApplicationContext.id
2018-11-06 10:17:39.825  WARN 22994 --- [           main] o.s.d.n.mapping.Neo4jPersistentProperty  : Owning ClassInfo is null for property: org.springframework.context.ApplicationContext.applicationName
2018-11-06 10:17:39.825  WARN 22994 --- [           main] o.s.d.n.mapping.Neo4jPersistentProperty  : No identity field found for class of type: com.stackroute.friendsBook.Config.SwaggerConfig when creating persistent property for : private javax.servlet.ServletContext org.springframework.web.servlet.config.annotation.WebMvcConfigurationSupport.servletContext
2018-11-06 10:17:39.826  WARN 22994 --- [           main] o.s.d.n.mapping.Neo4jPersistentProperty  : Owning ClassInfo is null for property: javax.servlet.ServletContext.initParameterNames
2018-11-06 10:17:39.826  WARN 22994 --- [           main] o.s.d.n.mapping.Neo4jPersistentProperty  : Owning ClassInfo is null for property: javax.servlet.ServletContext.virtualServerName
2018-11-06 10:17:39.826  WARN 22994 --- [           main] o.s.d.n.mapping.Neo4jPersistentProperty  : Owning ClassInfo is null for property: javax.servlet.ServletContext.classLoader
2018-11-06 10:17:39.826  WARN 22994 --- [           main] o.s.d.n.mapping.Neo4jPersistentProperty  : Owning ClassInfo is null for property: javax.servlet.ServletContext.filterRegistrations
2018-11-06 10:17:39.827  WARN 22994 --- [           main] o.s.d.n.mapping.Neo4jPersistentProperty  : Owning ClassInfo is null for property: javax.servlet.ServletContext.servletNames
2018-11-06 10:17:39.827  WARN 22994 --- [           main] o.s.d.n.mapping.Neo4jPersistentProperty  : Owning ClassInfo is null for property: javax.servlet.ServletContext.sessionTrackingModes
2018-11-06 10:17:39.827  WARN 22994 --- [           main] o.s.d.n.mapping.Neo4jPersistentProperty  : Owning ClassInfo is null for property: javax.servlet.ServletContext.contextPath
2018-11-06 10:17:39.827  WARN 22994 --- [           main] o.s.d.n.mapping.Neo4jPersistentProperty  : Owning ClassInfo is null for property: javax.servlet.ServletContext.defaultSessionTrackingModes
2018-11-06 10:17:39.827  WARN 22994 --- [           main] o.s.d.n.mapping.Neo4jPersistentProperty  : Owning ClassInfo is null for property: javax.servlet.ServletContext.majorVersion
2018-11-06 10:17:39.828  WARN 22994 --- [           main] o.s.d.n.mapping.Neo4jPersistentProperty  : Owning ClassInfo is null for property: javax.servlet.ServletContext.effectiveMinorVersion
2018-11-06 10:17:39.828  WARN 22994 --- [           main] o.s.d.n.mapping.Neo4jPersistentProperty  : Owning ClassInfo is null for property: javax.servlet.ServletContext.sessionCookieConfig
2018-11-06 10:17:39.828  WARN 22994 --- [           main] o.s.d.n.mapping.Neo4jPersistentProperty  : Owning ClassInfo is null for property: javax.servlet.ServletContext.effectiveSessionTrackingModes
2018-11-06 10:17:39.828  WARN 22994 --- [           main] o.s.d.n.mapping.Neo4jPersistentProperty  : Owning ClassInfo is null for property: javax.servlet.ServletContext.attributeNames
2018-11-06 10:17:39.828  WARN 22994 --- [           main] o.s.d.n.mapping.Neo4jPersistentProperty  : Owning ClassInfo is null for property: javax.servlet.ServletContext.serverInfo
2018-11-06 10:17:39.828  WARN 22994 --- [           main] o.s.d.n.mapping.Neo4jPersistentProperty  : Owning ClassInfo is null for property: javax.servlet.ServletContext.servletRegistrations
2018-11-06 10:17:39.829  WARN 22994 --- [           main] o.s.d.n.mapping.Neo4jPersistentProperty  : Owning ClassInfo is null for property: javax.servlet.ServletContext.jspConfigDescriptor
2018-11-06 10:17:39.829  WARN 22994 --- [           main] o.s.d.n.mapping.Neo4jPersistentProperty  : Owning ClassInfo is null for property: javax.servlet.ServletContext.servlets
2018-11-06 10:17:39.829  WARN 22994 --- [           main] o.s.d.n.mapping.Neo4jPersistentProperty  : Owning ClassInfo is null for property: javax.servlet.ServletContext.minorVersion
2018-11-06 10:17:39.829  WARN 22994 --- [           main] o.s.d.n.mapping.Neo4jPersistentProperty  : Owning ClassInfo is null for property: javax.servlet.ServletContext.servletContextName
2018-11-06 10:17:39.829  WARN 22994 --- [           main] o.s.d.n.mapping.Neo4jPersistentProperty  : Owning ClassInfo is null for property: javax.servlet.ServletContext.effectiveMajorVersion
2018-11-06 10:17:39.830  WARN 22994 --- [           main] o.s.d.n.mapping.Neo4jPersistentProperty  : No identity field found for class of type: com.stackroute.friendsBook.Config.SwaggerConfig when creating persistent property for : private java.util.List org.springframework.web.servlet.config.annotation.WebMvcConfigurationSupport.interceptors
2018-11-06 10:17:39.830  INFO 22994 --- [           main] o.s.d.neo4j.mapping.Neo4jMappingContext  : No class information found in OGM meta-data for class org.springframework.web.servlet.config.annotation.PathMatchConfigurer so treating as simple type for SD Commons
2018-11-06 10:17:39.830  WARN 22994 --- [           main] o.s.d.n.mapping.Neo4jPersistentProperty  : No identity field found for class of type: com.stackroute.friendsBook.Config.SwaggerConfig when creating persistent property for : private org.springframework.web.servlet.config.annotation.PathMatchConfigurer org.springframework.web.servlet.config.annotation.WebMvcConfigurationSupport.pathMatchConfigurer
2018-11-06 10:17:39.831  INFO 22994 --- [           main] o.s.d.neo4j.mapping.Neo4jMappingContext  : No class information found in OGM meta-data for class org.springframework.web.accept.ContentNegotiationManager so treating as simple type for SD Commons
2018-11-06 10:17:39.831  WARN 22994 --- [           main] o.s.d.n.mapping.Neo4jPersistentProperty  : No identity field found for class of type: com.stackroute.friendsBook.Config.SwaggerConfig when creating persistent property for : private org.springframework.web.accept.ContentNegotiationManager org.springframework.web.servlet.config.annotation.WebMvcConfigurationSupport.contentNegotiationManager
2018-11-06 10:17:39.831  WARN 22994 --- [           main] o.s.d.n.mapping.Neo4jPersistentProperty  : No identity field found for class of type: com.stackroute.friendsBook.Config.SwaggerConfig when creating persistent property for : private java.util.List org.springframework.web.servlet.config.annotation.WebMvcConfigurationSupport.argumentResolvers
2018-11-06 10:17:39.832  WARN 22994 --- [           main] o.s.d.n.mapping.Neo4jPersistentProperty  : No identity field found for class of type: com.stackroute.friendsBook.Config.SwaggerConfig when creating persistent property for : private java.util.List org.springframework.web.servlet.config.annotation.WebMvcConfigurationSupport.returnValueHandlers
2018-11-06 10:17:39.833  WARN 22994 --- [           main] o.s.d.n.mapping.Neo4jPersistentProperty  : No identity field found for class of type: com.stackroute.friendsBook.Config.SwaggerConfig when creating persistent property for : private java.util.List org.springframework.web.servlet.config.annotation.WebMvcConfigurationSupport.messageConverters
2018-11-06 10:17:39.834  WARN 22994 --- [           main] o.s.d.n.mapping.Neo4jPersistentProperty  : Owning ClassInfo is null for property: org.springframework.http.converter.HttpMessageConverter.supportedMediaTypes
2018-11-06 10:17:39.834  WARN 22994 --- [           main] o.s.d.n.mapping.Neo4jPersistentProperty  : No identity field found for class of type: com.stackroute.friendsBook.Config.SwaggerConfig when creating persistent property for : private java.util.Map org.springframework.web.servlet.config.annotation.WebMvcConfigurationSupport.corsConfigurations
2018-11-06 10:17:39.836  WARN 22994 --- [           main] o.s.d.n.mapping.Neo4jPersistentProperty  : Owning ClassInfo is null for property: private java.util.List org.springframework.web.cors.CorsConfiguration.allowedOrigins
2018-11-06 10:17:39.836  WARN 22994 --- [           main] o.s.d.n.mapping.Neo4jPersistentProperty  : Owning ClassInfo is null for property: private java.util.List org.springframework.web.cors.CorsConfiguration.allowedMethods
2018-11-06 10:17:39.837  WARN 22994 --- [           main] o.s.d.n.mapping.Neo4jPersistentProperty  : Owning ClassInfo is null for property: private java.util.List org.springframework.web.cors.CorsConfiguration.resolvedMethods
2018-11-06 10:17:39.837  WARN 22994 --- [           main] o.s.d.n.mapping.Neo4jPersistentProperty  : Owning ClassInfo is null for property: private java.util.List org.springframework.web.cors.CorsConfiguration.allowedHeaders
2018-11-06 10:17:39.837  WARN 22994 --- [           main] o.s.d.n.mapping.Neo4jPersistentProperty  : Owning ClassInfo is null for property: private java.util.List org.springframework.web.cors.CorsConfiguration.exposedHeaders
2018-11-06 10:17:39.837  WARN 22994 --- [           main] o.s.d.n.mapping.Neo4jPersistentProperty  : Owning ClassInfo is null for property: private java.lang.Boolean org.springframework.web.cors.CorsConfiguration.allowCredentials
2018-11-06 10:17:39.838  WARN 22994 --- [           main] o.s.d.n.mapping.Neo4jPersistentProperty  : Owning ClassInfo is null for property: private java.lang.Long org.springframework.web.cors.CorsConfiguration.maxAge
2018-11-06 10:17:39.839  WARN 22994 --- [           main] o.s.d.n.mapping.Neo4jPersistentProperty  : No identity field found for class of type: com.stackroute.friendsBook.POJO.QueryVariables when creating persistent property for : private java.lang.String com.stackroute.friendsBook.POJO.QueryVariables.name
2018-11-06 10:17:39.839  WARN 22994 --- [           main] o.s.d.n.mapping.Neo4jPersistentProperty  : No identity field found for class of type: com.stackroute.friendsBook.POJO.QueryVariables when creating persistent property for : private java.lang.String com.stackroute.friendsBook.POJO.QueryVariables.address
2018-11-06 10:17:39.840  WARN 22994 --- [           main] o.s.d.n.mapping.Neo4jPersistentProperty  : No identity field found for class of type: com.stackroute.friendsBook.POJO.QueryVariables when creating persistent property for : private java.lang.String com.stackroute.friendsBook.POJO.QueryVariables.friends
2018-11-06 10:17:39.842  INFO 22994 --- [           main] o.s.d.neo4j.mapping.Neo4jMappingContext  : No class information found in OGM meta-data for class org.springframework.test.web.servlet.MockMvc so treating as simple type for SD Commons
2018-11-06 10:17:39.842  WARN 22994 --- [           main] o.s.d.n.mapping.Neo4jPersistentProperty  : No identity field found for class of type: com.stackroute.friendsBook.resource.UserResourceTests when creating persistent property for : private org.springframework.test.web.servlet.MockMvc com.stackroute.friendsBook.resource.UserResourceTests.mockMvc
2018-11-06 10:17:39.843  WARN 22994 --- [           main] o.s.d.n.mapping.Neo4jPersistentProperty  : No identity field found for class of type: com.stackroute.friendsBook.resource.UserResourceTests when creating persistent property for : private com.stackroute.friendsBook.model.User com.stackroute.friendsBook.resource.UserResourceTests.user
2018-11-06 10:17:39.846  WARN 22994 --- [           main] o.s.d.n.mapping.Neo4jPersistentProperty  : No identity field found for class of type: com.stackroute.friendsBook.resource.UserResourceTests when creating persistent property for : private com.stackroute.friendsBook.service.UserService com.stackroute.friendsBook.resource.UserResourceTests.userService
2018-11-06 10:17:39.846  WARN 22994 --- [           main] o.s.d.n.mapping.Neo4jPersistentProperty  : No identity field found for class of type: com.stackroute.friendsBook.resource.UserResourceTests when creating persistent property for : private com.stackroute.friendsBook.resource.UserResource com.stackroute.friendsBook.resource.UserResourceTests.userResource
2018-11-06 10:17:39.846  WARN 22994 --- [           main] o.s.d.n.mapping.Neo4jPersistentProperty  : No identity field found for class of type: com.stackroute.friendsBook.resource.UserResourceTests when creating persistent property for : private java.util.List com.stackroute.friendsBook.resource.UserResourceTests.list
2018-11-06 10:17:39.849  WARN 22994 --- [           main] o.s.d.n.mapping.Neo4jPersistentProperty  : No identity field found for class of type: com.stackroute.friendsBook.service.UserServiceTests when creating persistent property for : com.stackroute.friendsBook.model.User com.stackroute.friendsBook.service.UserServiceTests.user
2018-11-06 10:17:39.849  WARN 22994 --- [           main] o.s.d.n.mapping.Neo4jPersistentProperty  : No identity field found for class of type: com.stackroute.friendsBook.service.UserServiceTests when creating persistent property for : com.stackroute.friendsBook.repository.UserRepository com.stackroute.friendsBook.service.UserServiceTests.userRepository
2018-11-06 10:17:39.849  WARN 22994 --- [           main] o.s.d.n.mapping.Neo4jPersistentProperty  : No identity field found for class of type: com.stackroute.friendsBook.service.UserServiceTests when creating persistent property for : com.stackroute.friendsBook.service.UserService com.stackroute.friendsBook.service.UserServiceTests.userService
2018-11-06 10:17:39.850  WARN 22994 --- [           main] o.s.d.n.mapping.Neo4jPersistentProperty  : No identity field found for class of type: com.stackroute.friendsBook.service.UserServiceTests when creating persistent property for : java.util.List com.stackroute.friendsBook.service.UserServiceTests.list
2018-11-06 10:17:39.851  WARN 22994 --- [           main] o.s.d.n.mapping.Neo4jPersistentProperty  : No identity field found for class of type: com.stackroute.friendsBook.Exceptions.UserAlreadyExistsException when creating persistent property for : java.lang.String com.stackroute.friendsBook.Exceptions.UserAlreadyExistsException.userAlreadyExistsErrorMessage
2018-11-06 10:17:39.852  WARN 22994 --- [           main] o.s.d.n.mapping.Neo4jPersistentProperty  : No identity field found for class of type: com.stackroute.friendsBook.Exceptions.UserAlreadyExistsException when creating persistent property for : private transient java.lang.Object java.lang.Throwable.backtrace
2018-11-06 10:17:39.852  WARN 22994 --- [           main] o.s.d.n.mapping.Neo4jPersistentProperty  : No identity field found for class of type: com.stackroute.friendsBook.Exceptions.UserAlreadyExistsException when creating persistent property for : private java.lang.String java.lang.Throwable.detailMessage
2018-11-06 10:17:39.853  WARN 22994 --- [           main] o.s.d.n.mapping.Neo4jPersistentProperty  : No identity field found for class of type: com.stackroute.friendsBook.Exceptions.UserAlreadyExistsException when creating persistent property for : private java.lang.Throwable java.lang.Throwable.cause
2018-11-06 10:17:39.853  WARN 22994 --- [           main] o.s.d.n.mapping.Neo4jPersistentProperty  : No identity field found for class of type: com.stackroute.friendsBook.Exceptions.UserAlreadyExistsException when creating persistent property for : private java.lang.StackTraceElement[] java.lang.Throwable.stackTrace
2018-11-06 10:17:39.853  WARN 22994 --- [           main] o.s.d.n.mapping.Neo4jPersistentProperty  : No identity field found for class of type: com.stackroute.friendsBook.Exceptions.UserAlreadyExistsException when creating persistent property for : private transient int java.lang.Throwable.depth
2018-11-06 10:17:39.854  WARN 22994 --- [           main] o.s.d.n.mapping.Neo4jPersistentProperty  : No identity field found for class of type: com.stackroute.friendsBook.Exceptions.UserAlreadyExistsException when creating persistent property for : private java.util.List java.lang.Throwable.suppressedExceptions
2018-11-06 10:17:39.857  WARN 22994 --- [           main] o.s.d.n.mapping.Neo4jPersistentProperty  : No identity field found for class of type: com.stackroute.friendsBook.repository.UserRepositoryTests when creating persistent property for : com.stackroute.friendsBook.repository.UserRepository com.stackroute.friendsBook.repository.UserRepositoryTests.userRepository
2018-11-06 10:17:39.857  WARN 22994 --- [           main] o.s.d.n.mapping.Neo4jPersistentProperty  : No identity field found for class of type: com.stackroute.friendsBook.repository.UserRepositoryTests when creating persistent property for : com.stackroute.friendsBook.model.User com.stackroute.friendsBook.repository.UserRepositoryTests.user
2018-11-06 10:17:39.858  INFO 22994 --- [           main] o.s.d.neo4j.mapping.Neo4jMappingContext  : Neo4jMappingContext initialisation completed
2018-11-06 10:17:39.886  INFO 22994 --- [           main] c.s.f.repository.UserRepositoryTests     : Started UserRepositoryTests in 0.368 seconds (JVM running for 3.642)
2018-11-06 10:17:40.085  INFO 22994 --- [           main] Driver                                   : Direct driver instance 184147252 created for server address 172.23.238.179:7687
2018-11-06 10:17:40.372  INFO 22994 --- [           main] o.s.t.c.transaction.TransactionContext   : Began transaction (1) for test context [DefaultTestContext@54f373d4 testClass = UserRepositoryTests, testInstance = com.stackroute.friendsBook.repository.UserRepositoryTests@1c53bd49, testMethod = testGetAllUsers@UserRepositoryTests, testException = [null], mergedContextConfiguration = [MergedContextConfiguration@16949dfa testClass = UserRepositoryTests, locations = '{}', classes = '{class com.stackroute.friendsBook.FriendsBookApplication}', contextInitializerClasses = '[]', activeProfiles = '{}', propertySourceLocations = '{}', propertySourceProperties = '{org.springframework.boot.test.context.SpringBootTestContextBootstrapper=true}', contextCustomizers = set[[ImportsContextCustomizer@d6d683e key = [org.springframework.boot.autoconfigure.cache.CacheAutoConfiguration, org.springframework.boot.autoconfigure.data.neo4j.Neo4jDataAutoConfiguration, org.springframework.boot.autoconfigure.data.neo4j.Neo4jRepositoriesAutoConfiguration, org.springframework.boot.autoconfigure.transaction.TransactionAutoConfiguration]], org.springframework.boot.test.context.filter.ExcludeFilterContextCustomizer@7e7be63f, org.springframework.boot.test.json.DuplicateJsonObjectContextCustomizerFactory$DuplicateJsonObjectContextCustomizer@4738a206, org.springframework.boot.test.mock.mockito.MockitoContextCustomizer@0, org.springframework.boot.test.autoconfigure.OverrideAutoConfigurationContextCustomizerFactory$DisableAutoConfigurationContextCustomizer@645ba24a, org.springframework.boot.test.autoconfigure.filter.TypeExcludeFiltersContextCustomizer@351584c0, org.springframework.boot.test.autoconfigure.properties.PropertyMappingContextCustomizer@8d4cc68b, org.springframework.boot.test.autoconfigure.web.servlet.WebDriverContextCustomizerFactory$Customizer@2c1b194a], contextLoader = 'org.springframework.boot.test.context.SpringBootContextLoader', parent = [null]], attributes = map[[empty]]]; transaction manager [org.springframework.data.neo4j.transaction.Neo4jTransactionManager@42cfd794]; rollback [true]
2018-11-06 10:17:41.181  INFO 22994 --- [           main] o.s.t.c.transaction.TransactionContext   : Rolled back transaction for test: [DefaultTestContext@54f373d4 testClass = UserRepositoryTests, testInstance = com.stackroute.friendsBook.repository.UserRepositoryTests@1c53bd49, testMethod = testGetAllUsers@UserRepositoryTests, testException = org.junit.ComparisonFailure: expected:<a@g[mail].com> but was:<a@g[].com>, mergedContextConfiguration = [MergedContextConfiguration@16949dfa testClass = UserRepositoryTests, locations = '{}', classes = '{class com.stackroute.friendsBook.FriendsBookApplication}', contextInitializerClasses = '[]', activeProfiles = '{}', propertySourceLocations = '{}', propertySourceProperties = '{org.springframework.boot.test.context.SpringBootTestContextBootstrapper=true}', contextCustomizers = set[[ImportsContextCustomizer@d6d683e key = [org.springframework.boot.autoconfigure.cache.CacheAutoConfiguration, org.springframework.boot.autoconfigure.data.neo4j.Neo4jDataAutoConfiguration, org.springframework.boot.autoconfigure.data.neo4j.Neo4jRepositoriesAutoConfiguration, org.springframework.boot.autoconfigure.transaction.TransactionAutoConfiguration]], org.springframework.boot.test.context.filter.ExcludeFilterContextCustomizer@7e7be63f, org.springframework.boot.test.json.DuplicateJsonObjectContextCustomizerFactory$DuplicateJsonObjectContextCustomizer@4738a206, org.springframework.boot.test.mock.mockito.MockitoContextCustomizer@0, org.springframework.boot.test.autoconfigure.OverrideAutoConfigurationContextCustomizerFactory$DisableAutoConfigurationContextCustomizer@645ba24a, org.springframework.boot.test.autoconfigure.filter.TypeExcludeFiltersContextCustomizer@351584c0, org.springframework.boot.test.autoconfigure.properties.PropertyMappingContextCustomizer@8d4cc68b, org.springframework.boot.test.autoconfigure.web.servlet.WebDriverContextCustomizerFactory$Customizer@2c1b194a], contextLoader = 'org.springframework.boot.test.context.SpringBootContextLoader', parent = [null]], attributes = map[[empty]]]
]]></system-out>
  </testcase>
  <testcase name="getAllUserEmailsFailure" classname="com.stackroute.friendsBook.repository.UserRepositoryTests" time="0.047"/>
  <testcase name="getAllUserEmails" classname="com.stackroute.friendsBook.repository.UserRepositoryTests" time="0.029">
    <failure message="expected:&lt;a@g[mail].com&gt; but was:&lt;a@g[].com&gt;" type="org.junit.ComparisonFailure"><![CDATA[org.junit.ComparisonFailure: expected:<a@g[mail].com> but was:<a@g[].com>
	at com.stackroute.friendsBook.repository.UserRepositoryTests.getAllUserEmails(UserRepositoryTests.java:74)
]]></failure>
    <system-out><![CDATA[2018-11-06 10:17:41.238  INFO 22994 --- [           main] o.s.t.c.transaction.TransactionContext   : Began transaction (1) for test context [DefaultTestContext@54f373d4 testClass = UserRepositoryTests, testInstance = com.stackroute.friendsBook.repository.UserRepositoryTests@1d7f7962, testMethod = getAllUserEmails@UserRepositoryTests, testException = [null], mergedContextConfiguration = [MergedContextConfiguration@16949dfa testClass = UserRepositoryTests, locations = '{}', classes = '{class com.stackroute.friendsBook.FriendsBookApplication}', contextInitializerClasses = '[]', activeProfiles = '{}', propertySourceLocations = '{}', propertySourceProperties = '{org.springframework.boot.test.context.SpringBootTestContextBootstrapper=true}', contextCustomizers = set[[ImportsContextCustomizer@d6d683e key = [org.springframework.boot.autoconfigure.cache.CacheAutoConfiguration, org.springframework.boot.autoconfigure.data.neo4j.Neo4jDataAutoConfiguration, org.springframework.boot.autoconfigure.data.neo4j.Neo4jRepositoriesAutoConfiguration, org.springframework.boot.autoconfigure.transaction.TransactionAutoConfiguration]], org.springframework.boot.test.context.filter.ExcludeFilterContextCustomizer@7e7be63f, org.springframework.boot.test.json.DuplicateJsonObjectContextCustomizerFactory$DuplicateJsonObjectContextCustomizer@4738a206, org.springframework.boot.test.mock.mockito.MockitoContextCustomizer@0, org.springframework.boot.test.autoconfigure.OverrideAutoConfigurationContextCustomizerFactory$DisableAutoConfigurationContextCustomizer@645ba24a, org.springframework.boot.test.autoconfigure.filter.TypeExcludeFiltersContextCustomizer@351584c0, org.springframework.boot.test.autoconfigure.properties.PropertyMappingContextCustomizer@8d4cc68b, org.springframework.boot.test.autoconfigure.web.servlet.WebDriverContextCustomizerFactory$Customizer@2c1b194a], contextLoader = 'org.springframework.boot.test.context.SpringBootContextLoader', parent = [null]], attributes = map[[empty]]]; transaction manager [org.springframework.data.neo4j.transaction.Neo4jTransactionManager@42cfd794]; rollback [true]
2018-11-06 10:17:41.264  INFO 22994 --- [           main] o.s.t.c.transaction.TransactionContext   : Rolled back transaction for test: [DefaultTestContext@54f373d4 testClass = UserRepositoryTests, testInstance = com.stackroute.friendsBook.repository.UserRepositoryTests@1d7f7962, testMethod = getAllUserEmails@UserRepositoryTests, testException = org.junit.ComparisonFailure: expected:<a@g[mail].com> but was:<a@g[].com>, mergedContextConfiguration = [MergedContextConfiguration@16949dfa testClass = UserRepositoryTests, locations = '{}', classes = '{class com.stackroute.friendsBook.FriendsBookApplication}', contextInitializerClasses = '[]', activeProfiles = '{}', propertySourceLocations = '{}', propertySourceProperties = '{org.springframework.boot.test.context.SpringBootTestContextBootstrapper=true}', contextCustomizers = set[[ImportsContextCustomizer@d6d683e key = [org.springframework.boot.autoconfigure.cache.CacheAutoConfiguration, org.springframework.boot.autoconfigure.data.neo4j.Neo4jDataAutoConfiguration, org.springframework.boot.autoconfigure.data.neo4j.Neo4jRepositoriesAutoConfiguration, org.springframework.boot.autoconfigure.transaction.TransactionAutoConfiguration]], org.springframework.boot.test.context.filter.ExcludeFilterContextCustomizer@7e7be63f, org.springframework.boot.test.json.DuplicateJsonObjectContextCustomizerFactory$DuplicateJsonObjectContextCustomizer@4738a206, org.springframework.boot.test.mock.mockito.MockitoContextCustomizer@0, org.springframework.boot.test.autoconfigure.OverrideAutoConfigurationContextCustomizerFactory$DisableAutoConfigurationContextCustomizer@645ba24a, org.springframework.boot.test.autoconfigure.filter.TypeExcludeFiltersContextCustomizer@351584c0, org.springframework.boot.test.autoconfigure.properties.PropertyMappingContextCustomizer@8d4cc68b, org.springframework.boot.test.autoconfigure.web.servlet.WebDriverContextCustomizerFactory$Customizer@2c1b194a], contextLoader = 'org.springframework.boot.test.context.SpringBootContextLoader', parent = [null]], attributes = map[[empty]]]
]]></system-out>
  </testcase>
  <testcase name="testGetAllUsersFailure" classname="com.stackroute.friendsBook.repository.UserRepositoryTests" time="0.03"/>
</testsuite>